
wallpaperbetter.com_7680x4320.jpg
db6ba9cbcd035912ad3c50560b04d3d2.png
80132751_p1.jpg
85361688_p0.png
92742226_p0.jpg
92937300_p0.jpg
96615069_p0.png
97434900_p0.jpg
97998401_p0.jpg
97998401_p1.jpg
98000767_p0.png
98072954_p0.jpg
98525009_p0.jpg
98603298_p0.jpg
98909353_p0.jpg
99248739_p0.jpg
99248739_p2.jpg
99248739_p3.jpg
99297065_p0.jpg
99309055_p0.jpg
99371105_p0.png
99385437_p0.jpg
a1d4c49d4caa7925fac48ec6ac8eef7e.png
a12f93e35eda623a7ca63acc9b00c430.jpg
b9280e41f00e960160379c3f504bd5c5.jpg
b984758af932fc27539186d687ede92c.jpg
d64d28f9cfebf8961ca55816b1390f69.jpg
1ca5bf63520f9f9090ef7081499dafc2.png
179f78a0c41072b06ac7bcbdcea5503a.jpg
894e16747563101a5fdf18cd22028c13.png
96504111_p0.jpg
99451302_p0.png
f8cea7c62f2fc3e4edf4dc9137a60d54.jpg
ce8e53eccee6b93fe683bd6bdf1df0f6.jpg
c9f23dd59a20806bf43884be1804c4cd.jpg
c593d58f208f29f88f3a1f6fcab8aefa.png
bbd8dfc531d42207f2b4db80267bf761.jpg
b8c1c43e9143ef069ffc873ec989ca3e.jpg
b02da0fb6bbc612b8d68a9445fd59754.png
a2ebb9d1ca88a0f4695f362582965b2f.jpg
100213053_p0.jpg
28119f6cf71e7dfac335ba5e248aa903.png
5182ede979e5fe76d584e5b20c5d46da.jpg
9a8c714ed609d4f524a5e09be6b079c4.png
99571924_p0.png
99828267_p0.png
99853835_p0.png
99856261_p0.png
100313370_p0.png
99925808_p0.jpg
dd378089964d61448286fd464917b8b0.jpg
d8948bdc26b314b1c1eb4b115a7d80b0.jpg
a14232ef172ec1c529fb3b606d871d6e.jpg
99996576_p0.jpg
98259868_p0.jpg
98150399_p0.jpg
9582beb49f984ae74a2042a54a0e843e.jpg
86164285_p0.jpg
94593471_p0.png
94636199_p0.jpg
93913347_p0.jpg
100117115_p1.jpg
89fa74e98ea7d51bcd1f0b8bceac752f.png
98001498_p0.jpg
100260460_p0.jpg
100632616_p0.jpg
a98efe9e8180a7e83d548ffefc1f491c.png
321d7566a72d4ed63bfb8d9aa4836411.jpg
046195342acc5820089fa8b65e07721d.png
680046a29c1da4b78ab169c895594c79.png
100260428_p0.png
100099242_p0.jpg
5182ede979e5fe76d584e5b20c5d46da.jpg
96813551_p0.jpg
100190160_p0.jpg
100177131_p0.jpg
034a38b29eaf3442ffe027a5aca5ffb6.png
100272550_p0.jpg
5f04a27a5094307d622fce541b7afd49.jpg
5ef3e388b03d459ed3faedc2c8b342da.png
87525650_p0.jpg
88100900_p0.png
93770541_p0.jpg
94288042_p0.png
94323119_p0.jpg
97120209_p0.png
e008ef82f4968d8bcb705a7c394ee16d.jpg
cbc1333e60be66e0ab7664ca5cd1102f.png
100617023_p0.jpg
100460995_p0.png
100310514_p0.jpg
100213053_p0.jpg
99929586_p0.png
100415897_p0.jpg
100428105_p0.png
ff46685baf902c65a238968c046a9283.jpg
fa8075f7186dfb8f05ef8cd934bfb142.jpg
f140a9ea4076c61804d42c0a847a61bd.png
f8cea7c62f2fc3e4edf4dc9137a60d54.jpg
eca4e1bb67efc09258acbda420120dc5.png
e0228792bfb004f91ed7b0edf5e7c69d.jpg
e610698673dfdc1a4e8fd8f2daf02c79.jpg
e9ee806d06edabf95b3e80132124147a.jpg
ec07f009ba941a2844025a4f57a78893.png
ec945d73f7af3ce334bef59929c38e04.jpg
d76cfdb9ad497d7253e1974e305387e8.png
d691f767964c25dfd4a16d8670c30cc2.jpg
027a8fc46711889d9d49cfa9e9fce3f0.jpg
51ae891b5cc484ceda74dd6f2a97075d.png
5182ede979e5fe76d584e5b20c5d46da.jpg
8974d75b047ab28158577313c4f46df1.jpg
9222f61dabe3e066e03baebf6947876f.jpg
17180fb23855b925655f1dd744e4ddaf.png
100104985_p0.jpg
100407394_p0.png
100269787_p0.png
100423106_p0.jpg
100460995_p0.png
100565859_p0.jpg
100659788_p0.jpg
100668623_p0.png
100694478_p0.jpg
100411502_p2.jpg
100411502_p0.jpg
100640449_p0.png
100644069_p0.jpg
100569231_p0.jpg
d4974ef5e86c615d4bbb8add71c8235b.png
d0dcab926d9ec6316a24cfd6c466f965.png
7737275987c589edb4d9996db51e1808.jpg
aaaba2bf1ec022336dfea490415de35a.png
b975430bfe45cc610061db6a4f58ea16.jpg
100166311_p0.png
99172989_p0.jpg
260aaeefca903e0dfac3a4f197d42b4d.jpg
132f105e247daef4ab46084b70403ce2.png
dadd6b52a1bc605a1883ad16a2ce8038.jpg
d8a42cf505277e4cd37f190b036ea088.jpg
c41552cb26d084061b910b70c70e02f2.jpg
b72bcd8ac0839c98f12c0f33c5d55628.jpg
48178770c907240e380311002ac64953.png
97910057_p0.png
100738058_p0.png
100787884_p0.png
3432fbf49809d0853357f8382618ce33.jpg
d87bf4483ef972b430c69ee5e54730c4.jpg
0b6f40a530ae12847d7285a757149364.jpg
d2a80bcc8f6b37c88c11756139a4d531.png
011b4462a50e80465ac9f5a4728815c7.png
5bd31e72cd2d4f0843c3488d094e9053.jpg
013f5654b343f394714bad7c602a6b6e.jpg
bd2ea4944cba02a764498aade8d9d72a.jpg
a3b8ee0799a74a612d7f2f4d3adf0f64.png
7737275987c589edb4d9996db51e1808.jpg
5d6a060189457f0423bc964114539599.png
6db0c459ce37525e397e1ed2b8c22dda.jpg
8f7333ac69f9116c6ba62fdec09e8b59.jpg
9a4f66ad1460878f7cb5044bfce78720.jpg
9efea287969200a00dd002860572eb0e.jpg
98b8d2cc76dfe84944675c024a2c0628.png
114f3a31ae315d21e7f23605a9aeffe7.jpg
890fd628688c340a7c0d6a6f26c8c405.png
286616c7ec56e90b1271127f1417ad3f.jpg
e8bcfd4c60c52b50fcc16255efdbf4cc.jpg
d7b7e8d6840092749be9530dc9a987b5.jpg
d1d539bf75d5dfd04b8ad3712d1ee927.jpg
c0937f9a4c5fa6017234ec420a2387ca.png
c150ef68b213620b7c83cc53bb42d844.jpg
101122600_p0.jpg
101048963_p1.jpg
100961506_p0.jpg
100619435_p0.png
100412786_p0.jpg
100402250_p7.png
99821698_p0.png
2d2b2194789b5c150e6931d8593bd387.jpg
2f538a951dfbaefc7877ddf57c0eca1b.jpg
4c77290bf9efb6101de4a4c250dd633c.jpg
7d9b4d45235f8c8c66696b01e2a6ffc6.jpg
8c5bbf7446099ae0e288675379d3ec47.png
8e333177766ff808753b36694839910b.png
09c5b19aa30d746da689be2e0f2a19b9.jpg
16b01e0acc84fbc533c68a9d6e623cad.png
46e35270a7e3c89b5af0789dc504507f.png
49b5ca057629936dac94541efce85dca.png
70ccf5ec6fbae32d0e3ced016ccc2ad6.jpg
81dd138941953ade6cc2071878ccce0b.png
85b2601e3d8c6f175259a188ab2127d7.jpg
92f3882096ab8d535d97ca81df36486d.png
95e40bc1a481147ca3c10d2c226c78b9.jpg
263f00b75bc3a0f0b28074f9e25c0790.png
625cdf53a979a4e531704d006d4d270b.jpg
3927aafb9a5337d612ee957d6ad2a129.png
5802e94fc85e12911c175c3ab9e50009.jpg
5886a8d2403d36fe911bb5158a19bd34.jpg
06346d5c72f0afc41c27099e278f6c80.png
6473a964db190efd4f36bab922f9b2bc.png
27708acdf51e709c490879f17112c9c6.png
61465b79596f6c4e7d3b384641776660.jpg
574671d061c6f306f313958995e66fc8.jpg
685366c7c40048919fe4eaecb7f88cb8.jpg
56893420b6a0916c827ede5b3f7127d0.jpg
69002575_p0.png
82515275_p0.jpg
86622275_p0.png
87325923_p0.jpg
87944513_p0.png
89363008_p0.jpg
92668030_p0.jpg
93920392_p0.jpg
94568024_p0.png
94924752_p0.jpg
95666489_p0.png
95791349_p0.jpg
95843193_p0.jpg
95870561_p0.png
96248330_p0.jpg
96299838_p0.jpg
96322495_p0.png
96489424_p0.jpg
96721014_p0.png
96778527_p0.jpg
96799197_p0.png
97309551_p0.jpg
97475656_p0.jpg
97616385_p0.jpg
97685070_p0.png
98012090_p0.jpg
98259446_p0.jpg
98320819_p0.jpg
98353829_p0.jpg
98402526_p0.jpg
98407633_p0.jpg
98774775_p0.jpg
98978108_p2.png
98978108_p4.png
99038886_p0.jpg
99062888_p0.png
99073596_p0.png
99193680_p0.png
99273422_p6.png
99341563_p0.jpg
99451252_p0.png
99463100_p0.png
99487855_p0.png
99502668_p0.jpg
99529089_p0.png
99631042_p0.png
99641831_p0.png
99715511_p0.jpg
99829712_p0.png
99974017_p0.png
100263817_p0.jpg
100358328_p0.jpg
100572853_p0.png
100685854_p0.jpg
100774134_p0.jpg
100858068_p0.jpg
100859176_p0.jpg
100910099_p0.jpg
a122cc98cc6ef8f39f7cca2a063fe547.png
a56068f5c67a7be7ba797249eefc263e.png
c4a242f3adc4f9fbe8cffa93bbb1c557.jpg
c5928e4228c45af5d147d82b9d8d0223.png
e0cdc01183f29b35767707b89151a939.jpg
e8d5bf2382fc6cb2c2cfb6ada9604336.jpg
e9f54e42bda2afd5ef98fa523789ced0.jpg
f83620340677d2b01693ed191a18bca8.png
wallpaperflare.com_wallpaper.jpg
a288ed85fb99af42daa574c31916d9cb.jpg
af680db29e3faf677c801c4de6424cc3.png
Halloween Valerie.jpg
Halloween Valerie.jpg
Halloween Valerie.jpg
0ba54b86450cdf630c78ce0c13a4fbcc.jpg
0d536734de9207dfd144ddffb09a3abc.png
3c1d3a86cb7238d831001d73d43540ca.jpg
3ce6760a96c6e5f3aa23bca8b0cd9910.jpg
3e27ae319dde517cdedf350ad9b21a19.jpg
3f85b23f81e2a81a1e1a560c77e789e3.jpg
3fdf4e2e4521a69e2cf8495bc3cf356f.jpg
4b5a321617ab2b3e4e7777254d3928e2.jpg
5a1aa541d79752b46dff89d8d100861d.png
5aeadfe8f6a6a5e3ff96cf1b3fae15d2.jpg
5cfa1fd9bd9e6ca3eee974fce99fb84a.jpg
7a92bf482c054a5b67164445ce1099f0.jpg
08b509db113f7de0315930a4affb9068.jpg
9bc19246cd118750d4a079c78c91a047.jpg
24a3d3dc11b284ff002c343a1dbe84bc.jpg
53fdef7957eda95ea8ec6242bdc70408.png
80de51466f49586be2fd512995d6de00.jpg
93e14eab67c9ba14b9347f9621fc197c.png
213b3ef403607d0c19fe64999703000c.png
541a60444577915388222669c4c98d6c.jpg
549ba7c740ba3f2f3d6e67bcee56bfd0.png
4089c3c8ab542a2f448f8aacf6be7c58.jpg
5023e4abe32df52736eef1883bda97e6.jpg
6887b56d775f4f7684649fb6c96a9e09.jpg
8846f8efe4d9718e5650db2577055fe3.jpg
9734d3cc0b48549f7158a84eac24bc0d.jpg
88593730_p0.jpg
100132278_p0.jpg
100163584_p0.png
100325622_p0.jpg
100438661_p0.jpg
100676532_p0.jpg
101567560_p0.jpg
101699499_p0.jpg
101758941_p0.png
a0edfb42ec2defa2d76b66c5f63aebc7.png
c13d2449e843572c6fc8ac8bd1cbaf2e.jpg
c45da32451cf16f809c5fde1e29eb99f.png
c887c5e3fed28bfe0cbd15774cd3cd00.png
c1739e99acc78376c0d0c297fabfb4bb.png
c8452c018bbd003ad97e35136ff19956.jpg
cb11783d53e67b4fab57990a6249d4d1.jpg
d5e56d8ac7c2d2908f459ad621532281.jpg
d618191a61fa467c88f115b77ec36246.jpg
daf8cfc7e9fccaded56afa7541229c3b.png
de59dc2a78246350cf2e8510b50000e5.jpg
e3076505ef5c04d7d5d8cc9593f9a1c6.jpg
ec244204be2159ff83c6218cc992389d.jpg
f4b06f6eeba9754f0652c9e0ed794de1.jpg
f6aa19f15e6bbde14b81eb895b391b2d.jpg
f7fad8918740389ea23312cb1ae9ac61.jpg
f6634ad1f44f373e908d0e506e301f7f.jpg
fa8075f7186dfb8f05ef8cd934bfb142.jpg
101952878_p0.png
101953054_p0.png
101963931_p0.png
101963931_p3.png
101976705_p0.png
102059197_p2.png
102062906_p2.png
102081860_p2.png
102096421_p0.png
102065196_p0.jpg
102200039_p0.png
102200039_p8.png
102211526_p0.png
102229163_p0.jpg
102266330_p0.jpg
102282987_p0.png
102282987_p2.png
102285738_p0.jpg
102289529_p0.jpg
102059197_p3.png
102062906_p3.png
102081860_p0.png
102081860_p3.png
102081860_p4.png
102082688_p0.png
102083065_p0.png
102084614_p0.png
102103956_p0.png
956b01547ace282abd7fb992cedf6726.png
7312ab84ced1cc8a7a519f6d1c354feb.png
101927878_p0.png
101984178_p1.png
101984178_p10.png
101984178_p11.png
101984178_p12.png
101984178_p13.png
101984178_p14.png
101984178_p15.png
101984178_p19.png
101993752_p0.png
102019600_p3.jpg
102059668_p2.png
102096421_p2.png
102096421_p4.png
102096421_p7.png
102096421_p8.png
102096421_p9.png
102163812_p0.png
102184982_p0.png
102465317_p0.png
a64e69c35db32c7fdd5abd4a68a19d4b.png
b2d8953410b1f3ed2b8fd4cc87a81421.png
b8aa1fc5a55a112b5d07086ed75b6d76.png
d70107b0d91c35877257677d45b5f5f0.png
1828760dea5e8f8ecb8256399b7f478e.png
3d0ea31e044695b83f041aa5482e3d56.jpg
04fe8d77f2b642e4d4c2e7051275a5d4.png
6d0203774c9dcefab784e782bb5f19a8.png
7b2d850bfdaca363c9ffae7111f862e1.jpg
83e85de49013b14d0e00c0770ec79b80.png
87cceae95d828db617d0e30799213f87.jpg
93c32570d5e2488c80f2e25802e1cd2c.png
98b84469a3215867dcb8909d745422ff.jpg
596a0e28fd33bed933e3b9ca61cb2331.jpg
6231fd5955c85eeb784b6b5b45dc4268.png
65510acce4839614a4c5ad9cbeec9172.jpg
./100672617_p0.jpg
674776b58c2566aa982828c091a31c45.jpg
97472173_p0.jpg
97720007_p0.jpg
97724078_p0.png
30dc24716346b61f7cce6b1ad1840279.jpg
e5a1c2a45a3770ec0c7e0904921ede53.jpg
0ebaedae55feefdb38611a0b3958a3a4.png
0dd956cb043e6384968b1b03d2d7ea39.png
102659469_p0.jpg
102793275_p0.png
b5aac2ae6db8d36d0861637d34916854.jpg
102621857_p0.png
102171749_p0.jpg
98034287_p1.jpg
tranquility-dragon-karma-lol-skin-splash-art-dragonmancer-hd-wallpaper-1920x1080-uhdpaper.com-279.1_c.jpg
coven-leblanc-splash-art-uhdpaper.com-hd-7.1596.jpg
78395599_p0.jpg
94647645_p0.jpg
e55d9f32ad8f1efbc1579f7f7ecbb2bd.jpg
4b6c0e9ad43bc2d488e0e61856b7c33d.jpg
94990911_p0.jpg
__ganyu_genshin_impact_drawn_by_meginalter__9047e8a0e63e117089a350e44ef227ee.jpg
95868410_p0.jpg
96041581_p0.jpg
95916456_p0.jpg
96111006_p1.jpg
96366291_p0.png
a662daf184944c9a1405bb0a57976b8d.png
6d19c89878c6cdf6de2a2a0e8f6af2d6.png
be4379b6529581fc8c5a3b3eeff2aed3.jpg
dcbdb829021ccd9bd2f0136ce100bb60.png
5762cd53474d03451de1275d498a0f95.jpg
dba5a53062d6884a52e633cdfa0e4961.jpg
96901584_p0.jpg
88911606_p0 - 蒼い森の少女達.jpg
88911606_p0 - 蒼い森の少女達.jpg
88911606_p0 - 蒼い森の少女達.jpg
88911606_p0 - 蒼い森の少女達.jpg
88911606_p0 - 蒼い森の少女達.jpg
96902343_p0.jpg
92817298_p0.png
96984166_p0.jpg
97120729_p0.jpg
255bfe807c328727da80e0162008c96a.jpg
e943909ca5033c105afc4689126e9470.png
b15dbefd2d30f851806c71983fdaba35.jpg
f3bc982a8652a5b28507de2502e3492d.jpg
49e34a5e48e327ab6250cdb05c2c8849.jpg
48715acd0694668d38748d5480648e27.jpg
98514884_p0.png
98482681_p0.jpg
98592235_p0.jpg
98099605_p0.jpg
98775796_p0.jpg
98966749_p0.png
98880414_p0.png
99037108_p0.jpg
99037574_p0.png
99344252_p0.png
e257dee1670ba214cb213696b699b8d0.jpg
99568284_p0.png
f5651cfac433a922c844026ad1b3be16.png
99589649_p0.jpg
99824599_p0.jpg
100114409_p0.jpg
100111651_p0.png
b7dadf22f4016f03d8370673ccc4e3f6.jpg
100261506_p1.jpg
c61e91f348e857d8c54c863b5df4d5a8.jpg
100316254_p0.png
f26d45b9c7263cf5fd52d33ee0cde3cf.jpg
100336075_p0.png
2dc54be66c3c7ad831ff675c6e5f5ea6.jpg
101092137_p0.jpg
c3fa0b941be6eab52798de15139cdf4c.jpg
d3780021dcbf5d1595669769fa79466b.png
96edef66a157e6b41ad158c0a19923de.jpg
20a08816f5f9c67c4b8ac5831340c754.jpg
97771508_p0.jpg
101433068_p0.jpg
101478887_p0.jpg
6981ee713742b1c383ccf3decc52cb08.png
101454159_p0.png
6637015127eea623bcaea6cb8f696774.jpg
101630980_p1.jpg
101672334_p0.jpg
d9140e7fd162f0bc2968febff6f4c465.jpg
4a5c83c5f9dc9716472cd607cb1cc81b.jpg
101676714_p0.jpg
101837511_p0.jpg
102159651_p0.png
102492167_p0.jpg
101104425_p0.jpg
7462c2fb08578b47d2365fb5615812fa.jpg
91039537_p0.jpg
90528568_p0.jpg
102738203_p0.png
2bb2d4b9aca5ecaccb57d35766d2a72d.png
Raiko.jpg
Raiko.png
6024038ca01b1c2663957e69a7b90d8b.png
3ac95cb02d4842df338da021701cacc6.jpg
1c65036b968127b1600e9f77dfeb3cc7.png
8de0d52ad5d788bb9cfd463e92581279.jpg
96564787_p0.png
33b53175ac71bec148d92d6a6f1e9599.png
Darkness.png
077d2728d2c0c5c5bc8ef2459a06d104.jpg
101984178_p2.png
101984178_p6.png
101984178_p4.png
101984178_p7.png
102571442_p0.jpg
fd7e6b14dfe6d1f948492136a6b2f583.png
86edd54fda83cf257a79bfc5ed547d2a.jpg
e5a1c2a45a3770ec0c7e0904921ede53.jpg
15d3985bfe046d506bbec34a7765a06d.png
99945891_p0.jpg
1eb60b1d2469182d55e6eaea808a16f5.jpg
9ab773c1befb73ababc98e5d11e3c58e.jpg
275767b1ad399694759ef6a85043b954.jpg
100325622_p4.jpg
ec4cee05e46dae94951ad97cd1b38552.jpg
b68686fe7f0639c8b209f1e28cea4259.jpg
525bcbbe34ad16b3537a04a9f99d7318.jpg
a68ccaf96d46cbafad40b0fc527fcf44.jpg
19c7758f263d4a5765359b0f0db5e657.jpg
100732103_p0.jpg
100534889_p0.jpg
03d606498c7f8e3f912ed9a73420c21a.jpg
ae95f158a0944cd0f91a80176c6eb2c6.jpg
0c98347e999ca110af4cd2ae38c38705.jpg
14_Christmass_Sirius_and_Formidable_Azur_Lane_ver8.jpg
/home/magneciareal/Downloads/wallpapers/643369326ca40a77bfd2ee0e35db2e99.png
/home/magneciareal/Pictures/Vwallpapers/71a797c1b3ad223330a6dc91471569c5.png
/home/magneciareal/Downloads/LoR_3.21_WorldEnd_Patchnotes_Skins-RenektonCorrupted2_PCruz_V001-1200x600.jpg
/home/magneciareal/Pictures/Wallpapers/ANIME-PICTURES.NET_-_693730-4096x2857-genshin+impact-noelle+(genshin+impact)-goroo+(eneosu)-single-looking+at+viewer-blush.png
/home/magneciareal/Pictures/Wallpapers/beb2562dbe65f0d9fdab7c1a078b87ec.jpg
/home/magneciareal/Pictures/Wallpapers/5082eab634be0637f01e5a61072550da.jpg
/home/magneciareal/Pictures/Wallpapers/b81a13f2d768628227b4c10216095516.jpg
/home/magneciareal/Pictures/Wallpapers/c0e17b58271a36db9c24cd7e22c5a768.jpg
/home/magneciareal/Pictures/Wallpapers/b9449d59353668cd6e473164b0db1b3e.jpg
/home/magneciareal/Pictures/Wallpapers/cb7d4a854ac9be55eeb53c3ed9821382.png
/home/magneciareal/Pictures/Wallpapers/aa9f9b8a89e7637b3f68a816d4dbfdb4.jpg
/home/magneciareal/Pictures/Wallpapers/91935793_p0.png
/home/magneciareal/Pictures/Wallpapers/96491695_p0.jpg
/home/magneciareal/Pictures/Wallpapers/c96539d8450818a0801acc13b2b487a6.jpg
/home/magneciareal/Pictures/Wallpapers/488d46dd01758fe804b8061e13a0f96a.png
/home/magneciareal/Pictures/Wallpapers/61584c1683311985edbed31f5f2df456.jpg
/home/magneciareal/Pictures/Wallpapers/93567424_p0.jpg
/home/magneciareal/Pictures/Wallpapers/93567424_p1.jpg
/home/magneciareal/Pictures/Wallpapers/58360f42c4103face94335c22c4887ba.jpg
/home/magneciareal/Pictures/Wallpapers/822695f0560ec7ba17dc61967ef3b749.png
/home/magneciareal/Pictures/Wallpapers/97786336_p0.jpg
/home/magneciareal/Pictures/Wallpapers/97720840_p0.jpg
/home/magneciareal/Pictures/Wallpapers/38716695c69709b63eeb016d79470c29.png
/home/magneciareal/Pictures/Wallpapers/97866038_p0.png
/home/magneciareal/Pictures/Wallpapers/2b13691885bd63e4fb80c04cf51bc047.jpg
/home/magneciareal/Pictures/Wallpapers/4107cb912b100b06555318c3b64c7ddb.png
/home/magneciareal/Pictures/Wallpapers/676054e9e5aac65ac2a7327f96d120cf.jpg
/home/magneciareal/Pictures/Wallpapers/993f45c8835ab846fa1e5eea519f7909.jpg
/home/magneciareal/Pictures/Wallpapers/98599624_p0.jpg
/home/magneciareal/Pictures/Wallpapers/98788666_p0.png
/home/magneciareal/Pictures/Wallpapers/92352513_p0.png
/home/magneciareal/Pictures/Wallpapers/98907903_p0.png
/home/magneciareal/Pictures/Wallpapers/78781881_p0.png
/home/magneciareal/Pictures/Wallpapers/7329f4ed64bf090afec26baebae8ba7e.jpg
/home/magneciareal/Pictures/Wallpapers/99048134_p0.png
/home/magneciareal/Pictures/Wallpapers/a689522bd8128d5cc757fc4dba172f24.png
/home/magneciareal/Pictures/Wallpapers/99256288_p0.png
/home/magneciareal/Pictures/Wallpapers/c8a537a8c6b959ce21882ceca0de4df3.jpg
/home/magneciareal/Pictures/Wallpapers/ffc5db229ff2bbc13a2889fa28e27097.jpg
/home/magneciareal/Pictures/Wallpapers/7576ffb53a3d009d0d82558733208111.jpg
/home/magneciareal/Pictures/Wallpapers/1d572fcd7e5a77d81d75e13a912f1a59.jpg
/home/magneciareal/Pictures/Wallpapers/albedo.jpg
/home/magneciareal/Pictures/Wallpapers/99560722_p0.png
/home/magneciareal/Pictures/Wallpapers/99449679_p0.png
/home/magneciareal/Pictures/Wallpapers/97768853_p0.jpg
/home/magneciareal/Pictures/Wallpapers/a6e7ac19cbd9891412ef1d78d3ff5d62.jpg
/home/magneciareal/Pictures/Wallpapers/de2f36b579cac994cec43dfd3864ae0e.jpg
/home/magneciareal/Pictures/Wallpapers/100574600_p0.png
/home/magneciareal/Pictures/Wallpapers/100638175_p0.png
/home/magneciareal/Pictures/Wallpapers/100512470_p0.jpg
/home/magneciareal/Pictures/Wallpapers/847bee8ad4f5af1bb97c80b125300b08.jpg
/home/magneciareal/Pictures/Wallpapers/c357949306efb2e70902934136c8ad23.jpg
/home/magneciareal/Pictures/Wallpapers/dd1afb41e6375da5c024f24b258daf49.jpg
/home/magneciareal/Pictures/Wallpapers/99858288_p0.jpg
/home/magneciareal/Pictures/Wallpapers/101104478_p0.jpg
/home/magneciareal/Pictures/Wallpapers/100908575_p1.jpg
/home/magneciareal/Pictures/Wallpapers/e170e9f2678f89a8cb91389f55db157d.png
/home/magneciareal/Pictures/Wallpapers/09d6183d533f6e9d957ced15bdc360cb.png
/home/magneciareal/Pictures/Wallpapers/90495223_p0.jpg
/home/magneciareal/Pictures/Wallpapers/2c86dc3b1d38c9e388a5261e4b6b6dd9.png
/home/magneciareal/Pictures/Wallpapers/9e2538f1576479720ffc1f58d52d7a1a.jpg
/home/magneciareal/Pictures/Wallpapers/4446aaf43e53b41f48db0ba2f53a416f.png
/home/magneciareal/Pictures/Wallpapers/c81eeacb870d47e48255460f38b1c261.jpg
/home/magneciareal/Pictures/Wallpapers/51b8b56d7e5511c933f32f077bad10c1.png
/home/magneciareal/Pictures/Wallpapers/102097461_p1.jpg
/home/magneciareal/Pictures/Wallpapers/102088961_p0.png
/home/magneciareal/Pictures/Wallpapers/102480358_p0.jpg
/home/magneciareal/Pictures/Wallpapers/neeko-league-of-legends-art_3840x2160_xtrafondos.com.jpg
/home/magneciareal/Pictures/Wallpapers/102239621_p0.jpg
/home/magneciareal/Pictures/Wallpapers/102631633_p0.jpg
/home/magneciareal/Pictures/Wallpapers/102631633_p1.jpg
/home/magneciareal/Pictures/Wallpapers/101444887_p0.jpg
/home/magneciareal/Pictures/Wallpapers/97888298_p0.jpg
/home/magneciareal/Pictures/Wallpapers/86edd54fda83cf257a79bfc5ed547d2a.jpg
/home/magneciareal/Pictures/Wallpapers/92183114_p0.png
/home/magneciareal/Pictures/Wallpapers/5c1bf9ef088edb6004c78b243b7d2a90.jpg
/home/magneciareal/Pictures/Wallpapers/102351609_p0.jpg
/home/magneciareal/Pictures/Wallpapers/103148362_p0.jpg
/home/magneciareal/Pictures/Wallpapers/102858432_p0.png
/home/magneciareal/Pictures/Wallpapers/103216165_p0.jpg
/home/magneciareal/Pictures/Wallpapers/92465373_p0.jpg
/home/magneciareal/Pictures/Wallpapers/102047158_p0.jpg
/home/magneciareal/Pictures/Wallpapers/96560e63c59c3363378f748c72bd2288.jpg
/home/magneciareal/Pictures/Wallpapers/ce416705cf22966cab5e54e17445b018.png
/home/magneciareal/Pictures/Wallpapers/cf36d1def0d8c36a6d159a7826bbc89f.jpg
/home/magneciareal/Pictures/Wallpapers/71f8817d95243414654133d1a6618a93.jpg
/home/magneciareal/Pictures/Wallpapers/0ef4b68aeb8bcc6f9ebdba885c5c90c1.png
/home/magneciareal/Pictures/Wallpapers/3d63740c8e589504aef51bbc5c7b4b9a.png
/home/magneciareal/Pictures/Wallpapers/IMG_3682.jpg
/home/magneciareal/Pictures/Wallpapers/0dc43ef07d47be98a525971fc583366e.jpg
/home/magneciareal/Pictures/Wallpapers/8c7ba759e7b9c32330a69a2667ef6363.jpg
/home/magneciareal/Pictures/Wallpapers/d4b71089476f545367cf38fba88c5279.jpg
/home/magneciareal/Pictures/Wallpapers/e0eb64dd6a250e7cf86a5bf4d195e88e.png
/home/magneciareal/Pictures/Wallpapers/984ff6325cee666d60e676130d60bd78.jpg
/home/magneciareal/Pictures/Wallpapers/959e373da29916ac98c4218255b731cc.jpg
/home/magneciareal/Pictures/Wallpapers/07172ba892384f5b3b3030a06856ab38.jpg
/home/magneciareal/Pictures/Wallpapers/94003956_p0.jpg
/home/magneciareal/Pictures/Wallpapers/f4efee9c1f7155d2b064ddd1eb7cb537.jpg
/home/magneciareal/Pictures/Wallpapers/338980a18bb11215e69a86e49b8307ee.jpg
/home/magneciareal/Pictures/Wallpapers/103696110_p2.jpg
/home/magneciareal/Pictures/Wallpapers/103946379_p0.jpg
/home/magneciareal/Pictures/Wallpapers/fb37376868e5581f555981a3dce26a6c.jpg
/home/magneciareal/Pictures/Wallpapers/8f1669ee9a3e4b0215517fca1317507a.png
/home/magneciareal/Pictures/Wallpapers/1c5d3dbf539109e6a01c16b6347fb69b.jpg
/home/magneciareal/Pictures/Wallpapers/3f7f41dce41c8dbce0bddc43c04d41eb.jpg
/home/magneciareal/Pictures/Wallpapers/e896bcecbc2834a26f85e4df27f87ebe.jpg
/home/magneciareal/Pictures/Wallpapers/905cad2a8910d7983bef58334c97381c.png
/home/magneciareal/Pictures/Vwallpapers/0d07aa493326a2841fd77d7011016677.jpg
/home/magneciareal/Pictures/Vwallpapers/b4af3c86dbc3fededfe74d6427bb68ea.jpg
/home/magneciareal/Pictures/Vwallpapers/101497309_p0.jpg
/home/magneciareal/Pictures/Vwallpapers/7a5ae2c6856e4aa21912ee7d67b9d6a5.png
/home/magneciareal/Pictures/Vwallpapers/21d94d3f211b92d2e145ef0210a79bfa.jpg
/home/magneciareal/Pictures/Vwallpapers/dohnadohna.jpg
/home/magneciareal/Pictures/Vwallpapers/50e6653109898bea9e3863be517485e5.png
/home/magneciareal/Pictures/Vwallpapers/81e2d5505aa5d371be4c49be00b64d90.jpg
/home/magneciareal/Pictures/Vwallpapers/08168fcd346f1d2e34ac99f1ec4ce44a.jpg
/home/magneciareal/Pictures/Vwallpapers/101701858_p0.jpg
/home/magneciareal/Pictures/Vwallpapers/101701858_p1.jpg
/home/magneciareal/Pictures/Vwallpapers/a2e2ba10e3e3ba0d1497d17d9a150e02.jpg
/home/magneciareal/Pictures/Vwallpapers/20dd9645476a7c15046c7eb453e1dbaf.jpg
/home/magneciareal/Pictures/Vwallpapers/f92d7a3532620bc6ea70b99ba068c5d9.jpg
/home/magneciareal/Pictures/Vwallpapers/01e832376828d70476f700aa227aabc0.jpg
/home/magneciareal/Pictures/Vwallpapers/14dd30675c3a255d924ec58f61e64af8.png
/home/magneciareal/Pictures/Vwallpapers/0d20aed9bd1fc4a519d72224cc04f95e.jpg
/home/magneciareal/Pictures/Vwallpapers/dd9ded26c27b50a9231996efe4b638bc.jpg
/home/magneciareal/Pictures/Vwallpapers/8a8a5be9a1223478f3c89a84e99fad7f.jpg
/home/magneciareal/Pictures/Vwallpapers/24a538f69ddeeb332dfaa29984b40d3c.jpg
/home/magneciareal/Pictures/Vwallpapers/4163de1e25fbfbcbc0b719f6b7f747d2.jpg
/home/magneciareal/Pictures/Vwallpapers/a52810ba65da18b83d74865d93827501.jpg
/home/magneciareal/Pictures/Vwallpapers/605e356140ebdf2688272aa46815e9bf.jpg
/home/magneciareal/Pictures/Vwallpapers/d83ee7a821bdd90db60a042fb861a3d6.jpg
/home/magneciareal/Pictures/Vwallpapers/102551176_p0.jpg
/home/magneciareal/Pictures/Vwallpapers/ddb0bbfd138144655e1380524e532be1.jpg
/home/magneciareal/Pictures/Vwallpapers/8823330e85200610d646e4f9d298078c.jpg
/home/magneciareal/Pictures/Vwallpapers/8b2a01919bc17efac86c5a6342eb54da.jpg
/home/magneciareal/Pictures/Vwallpapers/1d4a46253ef30e042a2c614cb178c643.jpg
/home/magneciareal/Pictures/Vwallpapers/f86430564af0190f3a50924bdffed55f.png
/home/magneciareal/Pictures/Vwallpapers/e43969141255d0f7ad34c3c086db7298.jpg
/home/magneciareal/Pictures/Vwallpapers/f7c7cc13ab8887ea455daf33622caa0d.jpg
/home/magneciareal/Pictures/Vwallpapers/d6dac000312fc7be07cc81ca3378924c.jpg
/home/magneciareal/Pictures/Vwallpapers/499d6f16bb6f864e4fcc149b6d911cd2.jpg
/home/magneciareal/Pictures/Vwallpapers/5f93631523553876ad3c239d6148c247.jpg
/home/magneciareal/Pictures/Vwallpapers/102516739_p0.jpg
/home/magneciareal/Pictures/Vwallpapers/102585282_p0.jpg
/home/magneciareal/Pictures/Vwallpapers/101615713_p0.jpg
/home/magneciareal/Pictures/Vwallpapers/101135182_p0.jpg
/home/magneciareal/Pictures/Vwallpapers/102760588_p5.png
/home/magneciareal/Pictures/Vwallpapers/f9964ec85df833c458c0f0b196eec693.jpg
/home/magneciareal/Pictures/Vwallpapers/d547c547ea0af7df742ae30fbfb7f575.jpg
/home/magneciareal/Pictures/Vwallpapers/d1655a4cb732aeb3843f91d29fc37f47.jpg
/home/magneciareal/Pictures/Vwallpapers/b2793cf7375148b2d3f4e413628b256b.jpg
/home/magneciareal/Pictures/Vwallpapers/c846c0411ff4e3d7092fa0a5fc1e6a58.jpg
/home/magneciareal/Pictures/Vwallpapers/8efd2945c13bfd065add00d14e4bbc45.png
/home/magneciareal/Pictures/Vwallpapers/20caa1bdaff287fa789afdd9e85a2de9.jpg
/home/magneciareal/Pictures/Vwallpapers/426415a1edabaf3816c917ead6a6c14b.jpg
/home/magneciareal/Pictures/Vwallpapers/172993d477a80eed45063dd61e5787ab.jpg
/home/magneciareal/Pictures/Vwallpapers/c3560d596525f887b65e401c7629f2f1.jpg
/home/magneciareal/Pictures/Vwallpapers/5fbab3589bdc473d155ed7af0a91034d.jpg
/home/magneciareal/Pictures/Vwallpapers/95c12a9feda02d37cf6a35e03d1d0885.png
/home/magneciareal/Pictures/Vwallpapers/a123d9f99220ba54531c64ce51d7042c.jpg
/home/magneciareal/Pictures/Vwallpapers/7a0b35bf46b6770a20691f776cde76cb.jpg
/home/magneciareal/Pictures/Vwallpapers/1b80c02d7a0c6ab4b2bbf01d2dff75fd.jpg
/home/magneciareal/Pictures/Vwallpapers/1b219bcb23d28642d99b41a1b0d99da0.jpg
/home/magneciareal/Pictures/Vwallpapers/d4c3a4adb0dcd9726ea2295f8282c111.jpg
/home/magneciareal/Pictures/Vwallpapers/736c00ef408598a72a46bfc272c15a29.jpg
/home/magneciareal/Pictures/Vwallpapers/0612a055b86626745efdea8e281be7e5.jpg
/home/magneciareal/Pictures/Vwallpapers/ff67183d47e3112805fa32183212dfc4.jpg
/home/magneciareal/Pictures/Vwallpapers/966c28aa928e5154e251e5909d4de0fb.jpg
/home/magneciareal/Pictures/Vwallpapers/d2ac876d952cc14502d53a7c7d32f742.png
/home/magneciareal/Pictures/Vwallpapers/cf5c4043b0a818a3c915300fdf8e7ea4.png
/home/magneciareal/Pictures/Vwallpapers/103092565_p0.png
/home/magneciareal/Pictures/Vwallpapers/103022217_p1.png
/home/magneciareal/Pictures/Vwallpapers/102969290_p0.jpg
/home/magneciareal/Pictures/Vwallpapers/103018012_p0.png
/home/magneciareal/Pictures/Vwallpapers/102324514_p0.png
/home/magneciareal/Pictures/Vwallpapers/101808210_p0.jpg
/home/magneciareal/Pictures/Vwallpapers/acf9f3369ec2af020af81a5f3c7e807b.jpg
/home/magneciareal/Pictures/Vwallpapers/489be705cf840b48f9e4c0cd108a642a.png
/home/magneciareal/Pictures/Vwallpapers/657bd2e3241cfc47e34810c7b9c87f27.jpg
/home/magneciareal/Pictures/Vwallpapers/cc86f5086e5f0aca43471f080d850d2c.jpg
/home/magneciareal/Pictures/Vwallpapers/10d26d5fa5df56c3b46b9766215d901f.png
/home/magneciareal/Pictures/Vwallpapers/63698fca7f2fbc658db0221461ca1893.png
/home/magneciareal/Pictures/Vwallpapers/3211fe75d0e543bf03cecf87a51bbea7.jpg
/home/magneciareal/Pictures/Vwallpapers/f4cf1c2d258617f4a837bbf58d837486.jpg
/home/magneciareal/Pictures/Vwallpapers/d396644bef2bb882d448127e2fc3f536.png
/home/magneciareal/Pictures/Vwallpapers/d1f70666b815ffb21786e79f1f8eac81.jpg
/home/magneciareal/Pictures/Vwallpapers/2c948a08874987fac0db226413f25540.jpg
/home/magneciareal/Pictures/Vwallpapers/79fe703b7226a2a7b25e0d3e0941e58b.png
/home/magneciareal/Pictures/Vwallpapers/71cc6d44f4791ecae12394f0b7e60845.jpg
/home/magneciareal/Pictures/Vwallpapers/103185655_p0.png
/home/magneciareal/Pictures/Vwallpapers/103423194_p1.jpg
/home/magneciareal/Pictures/Vwallpapers/103423194_p4.jpg
/home/magneciareal/Pictures/Vwallpapers/ChloeYukata.jpg
/home/magneciareal/Pictures/Vwallpapers/CatChloe2.jpg
/home/magneciareal/Pictures/Vwallpapers/79d0f80f99ab43ccfc1e9b074be7ee4d.jpg
/home/magneciareal/Pictures/Vwallpapers/103479828_p0.jpg
/home/magneciareal/Pictures/Vwallpapers/528b005c2f6857bd402d1e5617bad9e7.jpg
/home/magneciareal/Pictures/Vwallpapers/103329168_p2.jpg
/home/magneciareal/Pictures/Vwallpapers/9939e105fe44e2684871a5922a5cd9f3.png
/home/magneciareal/Pictures/Vwallpapers/c3453bd218de9a0382edc431694a38cc.jpg
/home/magneciareal/Pictures/Vwallpapers/32045fd940381e7b8b619e712480e75d.jpg
/home/magneciareal/Pictures/Vwallpapers/ea8203c38e829b8120fde1635a5fedb4.png
/home/magneciareal/Pictures/Vwallpapers/611c5728b21ca3af49a13defa452f088.png
/home/magneciareal/Pictures/Vwallpapers/103322997_p0.jpg
/home/magneciareal/Pictures/Vwallpapers/9d91fdbcc06ccae8ede4c685317adfd2.png
/home/magneciareal/Pictures/Vwallpapers/979714c054f1fa0ee69d2e49812ce72e.png
/home/magneciareal/Pictures/Vwallpapers/589b1946a326cc7294841b94c2d515b2.png
/home/magneciareal/Pictures/Vwallpapers/fec25b6f83279afb904dd38a9a3453ef.png
/home/magneciareal/Pictures/Vwallpapers/IMG_3730.jpg
/home/magneciareal/Pictures/Vwallpapers/08ffda476ae836b6a40ce505757269a6.png
/home/magneciareal/Pictures/Vwallpapers/8bef3b94849f1dbf662e0949628fc30e.jpg
/home/magneciareal/Pictures/Vwallpapers/454c341d275ae1f62a30f28e291b7007.jpg
/home/magneciareal/Pictures/Vwallpapers/613667eb2e5903be68a9f8718fc1e197.png
/home/magneciareal/Pictures/Vwallpapers/0f871bd8f56764a7bde2743f9cfbb926.png
/home/magneciareal/Pictures/Vwallpapers/537a42966a63aaba4ec014ea4a0d82df.jpg
/home/magneciareal/Pictures/Vwallpapers/103585200_p0.jpg
/home/magneciareal/Pictures/Vwallpapers/12e5251fbb7d5e2042681400c010345d.jpg
/home/magneciareal/Pictures/Vwallpapers/88e77890c9536d6b4df54f0573a3c00e.jpg
/home/magneciareal/Pictures/Vwallpapers/945a66368bbbbd340cf1e553214f63ff.jpg
/home/magneciareal/Pictures/Vwallpapers/60a41e86b79b128ba1389a372db9ace5.png
/home/magneciareal/Pictures/Vwallpapers/103261079_p0.jpg
/home/magneciareal/Pictures/Vwallpapers/800cd3c8f809a0aae8d6285cd88bb201.jpg
/home/magneciareal/Pictures/Vwallpapers/104f701ab63b1be8720025e200d4dbb1.jpg
/home/magneciareal/Pictures/Vwallpapers/1dc4aa188ab61ea8af51444804fe5612.jpg
/home/magneciareal/Pictures/Vwallpapers/aad063f58e1353adb8f2aa07c5c04546.jpg
/home/magneciareal/Pictures/Vwallpapers/937448b262a5a241580f5b32d684fa72.png
/home/magneciareal/Pictures/Vwallpapers/a3f1db5bb5c80a32c5f97236eb6ba675.png
/home/magneciareal/Pictures/Vwallpapers/9caf1957b061fad6592a9fc4a998e5bd.jpg
/home/magneciareal/Pictures/Vwallpapers/3ea8a51c49c975391a41402e11f2c0d0.jpg
/home/magneciareal/Pictures/Vwallpapers/bf8073000e3f908405e8925d4e70af5a.png
/home/magneciareal/Pictures/Vwallpapers/80bbe009803e5669b6b0423ef4f0a034.png
/home/magneciareal/Pictures/Vwallpapers/8626fc013493d3f205ef2d31b6334bd0.png
/home/magneciareal/Pictures/Vwallpapers/8732ba162dcdb4afd49401337dfe83fa.jpg
/home/magneciareal/Pictures/Vwallpapers/573177eedf8b33febcdd8e57e7245996.png
/home/magneciareal/Pictures/Vwallpapers/1c5d3dbf539109e6a01c16b6347fb69b.jpg
/home/magneciareal/Pictures/Vwallpapers/104059174_p0.jpg
/home/magneciareal/Pictures/Vwallpapers/e51e7fb4547c716712a2277960decf11.jpg
/home/magneciareal/Pictures/Vwallpapers/ca3cf60fbd2069af0123a318ae42c915.png
/home/magneciareal/Pictures/Vwallpapers/230029d50c28dac59854771b2adb2ab9.png
/home/magneciareal/Pictures/Vwallpapers/5d26ba9d2df13bd100d56504bdc7cac6.png
/home/magneciareal/Pictures/Vwallpapers/146aed18970773a97d276227f0618656.png
/home/magneciareal/Pictures/Vwallpapers/eec22028b7b15173630968629341f85a.jpg
/home/magneciareal/Pictures/Vwallpapers/52bad9b99213bf2aa81ba31602e20bd0.png
/home/magneciareal/Pictures/Vwallpapers/5e0c212f0a89d09eec28d56ccbc5cc6b.png
/home/magneciareal/Pictures/Vwallpapers/1e8947b1b3907b89f50ebe5942c56a4e.jpg
/home/magneciareal/Pictures/Vwallpapers/411016048f8a122fdc1c35666f927cc6.jpg
/home/magneciareal/Pictures/Vwallpapers/360d6f060883795e6d3f1f5ed4f78965.png
/home/magneciareal/Pictures/Vwallpapers/104181065_p0.png
/home/magneciareal/Pictures/Vwallpapers/104252248_p12.png
/home/magneciareal/Pictures/Vwallpapers/104252248_p20.png
/home/magneciareal/Pictures/Vwallpapers/103817629_p0.png
/home/magneciareal/Pictures/Vwallpapers/103924062_p0.png
/home/magneciareal/Pictures/Vwallpapers/104360125_p0.png
/home/magneciareal/Pictures/Vwallpapers/104243216_p0.png
/home/magneciareal/Pictures/Vwallpapers/104213958_p0.png
/home/magneciareal/Pictures/Vwallpapers/104360222_p0.png
/home/magneciareal/Pictures/Vwallpapers/104328682_p0.png
/home/magneciareal/Pictures/Vwallpapers/104060646_p0.png
/home/magneciareal/Pictures/Vwallpapers/104030089_p0.png
/home/magneciareal/Downloads/104610960_p2.png
/home/magneciareal/Downloads/104610960_p5.png
/home/magneciareal/Downloads/104038980_p0.png
/home/magneciareal/Downloads/103638506_p0.jpg
/home/magneciareal/Downloads/103884087_p0.jpg
/home/magneciareal/Downloads/103884087_p3.jpg
/home/magneciareal/Downloads/102409777_p0.jpg
/home/magneciareal/Downloads/104676164_p0.jpg
/home/magneciareal/Downloads/104738373_p0.jpg
/home/magneciareal/Downloads/104730121_p0.jpg
/home/magneciareal/Downloads/104705760_p0.png
/home/magneciareal/Downloads/104783289_p2.png
/home/magneciareal/Downloads/104370037_p0.png
/home/magneciareal/Downloads/104585100_p0.png
/home/magneciareal/Downloads/104465098_p0.png
/home/magneciareal/Downloads/104805986_p2.png
/home/magneciareal/Downloads/104513950_p0.png
/home/magneciareal/Downloads/104441970_p0.jpg
/home/magneciareal/Downloads/104837018_p0.png
/home/magneciareal/Downloads/wallpapers/104606526_p0.png
/home/magneciareal/Downloads/wallpapers/104834439_p1.png
/home/magneciareal/Downloads/wallpapers/104676367_p0.jpg
/home/magneciareal/Downloads/wallpapers/104676367_p4.jpg
/home/magneciareal/Downloads/wallpapers/104734973_p0.png
/home/magneciareal/Downloads/wallpapers/104864050_p0.png
/home/magneciareal/Downloads/wallpapers/104836664_p0.png
/home/magneciareal/Downloads/wallpapers/104836575_p0.png
/home/magneciareal/Downloads/wallpapers/104861700_p0.png
/home/magneciareal/Downloads/wallpapers/104551674_p0.jpg
/home/magneciareal/Downloads/wallpapers/104812806_p0.png
/home/magneciareal/Downloads/wallpapers/104384629_p0.png
/home/magneciareal/Downloads/wallpapers/104587645_p0.png
/home/magneciareal/Downloads/wallpapers/104825947_p0.png
/home/magneciareal/Downloads/wallpapers/104556337_p0.jpg
/home/magneciareal/Downloads/wallpapers/104556337_p2.jpg
/home/magneciareal/Downloads/wallpapers/104839957_p0.png
/home/magneciareal/Downloads/wallpapers/104374203_p0.png
/home/magneciareal/Downloads/wallpapers/103750487_p0.png
/home/magneciareal/Downloads/wallpapers/104747438_p0.png
/home/magneciareal/Downloads/wallpapers/104891213_p3.png
/home/magneciareal/Downloads/wallpapers/104487315_p0.jpg
/home/magneciareal/Downloads/wallpapers/104665542_p0.png
/home/magneciareal/Downloads/wallpapers/104767551_p0.png
/home/magneciareal/Downloads/wallpapers/104782980_p0.png
/home/magneciareal/Downloads/wallpapers/104267742_p13.png
/home/magneciareal/Downloads/wallpapers/104267742_p11.png
/home/magneciareal/Downloads/wallpapers/104267742_p8.png
/home/magneciareal/Downloads/wallpapers/104267742_p3.png
/home/magneciareal/Downloads/wallpapers/104894590_p0.png
/home/magneciareal/Downloads/wallpapers/104766234_p0.png
/home/magneciareal/Downloads/wallpapers/104628589_p0.png
/home/magneciareal/Downloads/wallpapers/104299092_p1.png
/home/magneciareal/Downloads/wallpapers/104299092_p0.png
/home/magneciareal/Downloads/wallpapers/104585100_p0.png
/home/magneciareal/Downloads/wallpapers/104877384_p0.png
/home/magneciareal/Downloads/wallpapers/104919549_p1.png
/home/magneciareal/Downloads/wallpapers/104919549_p2.png
/home/magneciareal/Downloads/wallpapers/104919549_p5.png
/home/magneciareal/Downloads/wallpapers/104724961_p0.png
/home/magneciareal/Downloads/wallpapers/104554890_p0.png
/home/magneciareal/Downloads/wallpapers/104554890_p1.png
/home/magneciareal/Downloads/wallpapers/104554890_p6.png
/home/magneciareal/Downloads/wallpapers/104554890_p12.png
/home/magneciareal/Downloads/wallpapers/104552892_p0.png
/home/magneciareal/Downloads/wallpapers/104602308_p0.png
/home/magneciareal/Downloads/wallpapers/104895197_p0.png
/home/magneciareal/Downloads/wallpapers/103816492_p0.jpg
/home/magneciareal/Downloads/wallpapers/104835805_p0.jpg
/home/magneciareal/Downloads/wallpapers/81832836_p0.jpg
/home/magneciareal/Downloads/wallpapers/101782172_p0.jpg
/home/magneciareal/Downloads/wallpapers/104747643_p0.png
/home/magneciareal/Downloads/wallpapers/105064593_p0.png
/home/magneciareal/Downloads/wallpapers/105064593_p4.png
/home/magneciareal/Downloads/wallpapers/105062043_p3.png
/home/magneciareal/Downloads/wallpapers/105059978_p0.png
/home/magneciareal/Downloads/wallpapers/105014463_p0.png
/home/magneciareal/Downloads/wallpapers/104972204_p0.png
/home/magneciareal/Downloads/wallpapers/104998084_p0.png
/home/magneciareal/Downloads/wallpapers/104726907_p0.png
/home/magneciareal/Downloads/wallpapers/105096493_p0.png
/home/magneciareal/Downloads/wallpapers/104980793_p0.png
/home/magneciareal/Downloads/wallpapers/105117990_p0.png
/home/magneciareal/Downloads/wallpapers/105114460_p0.png
/home/magneciareal/Downloads/wallpapers/105094438_p0.png
/home/magneciareal/Downloads/wallpapers/105094438_p4.png
/home/magneciareal/Downloads/wallpapers/105116166_p0.png
/home/magneciareal/Downloads/104952652_p0.png
/home/magneciareal/Downloads/104952652_p2.png
/home/magneciareal/Downloads/104952652_p3.png
/home/magneciareal/Downloads/104925799_p1.png
/home/magneciareal/Downloads/104893737_p0.png
/home/magneciareal/Downloads/104694955_p0.png
/home/magneciareal/Downloads/104694955_p3.png
/home/magneciareal/Downloads/105115560_p0.jpg
/home/magneciareal/Downloads/105030842_p0.png
/home/magneciareal/Downloads/105035909_p0.png
/home/magneciareal/Downloads/104982573_p0.png
/home/magneciareal/Downloads/105154322_p0.jpg
/home/magneciareal/Downloads/105148445_p0.png
/home/magneciareal/Downloads/105072445_p1.png
/home/magneciareal/Downloads/105072445_p2.png
/home/magneciareal/Pictures/Wallpapers/ai/104782775_p3.png
/home/magneciareal/Pictures/Wallpapers/ai/104782775_p5.png
/home/magneciareal/Pictures/Wallpapers/ai/104782775_p7.png
/home/magneciareal/Pictures/Wallpapers/ai/104803503_p3.png
/home/magneciareal/Pictures/Wallpapers/ai/104803503_p4.png
/home/magneciareal/Pictures/Wallpapers/ai/104805611_p3.png
/home/magneciareal/Pictures/Wallpapers/ai/104805611_p4.png
/home/magneciareal/Pictures/Wallpapers/ai/104804640_p0.png
/home/magneciareal/Pictures/Wallpapers/ai/104804640_p2.png
/home/magneciareal/Pictures/Wallpapers/ai/104804640_p4.png
/home/magneciareal/Pictures/Wallpapers/ai/104807382_p1.png
/home/magneciareal/Pictures/Wallpapers/ai/104807382_p3.png
/home/magneciareal/Pictures/Wallpapers/ai/104780981_p5.png
/home/magneciareal/Pictures/Wallpapers/ai/104780981_p6.png
/home/magneciareal/Pictures/Wallpapers/ai/104781871_p0.png
/home/magneciareal/Pictures/Wallpapers/ai/104782771_p0.png
/home/magneciareal/Pictures/Wallpapers/ai/104782771_p1.png
/home/magneciareal/Pictures/Wallpapers/ai/104782771_p5.png
/home/magneciareal/Pictures/Wallpapers/ai/104779215_p3.png
/home/magneciareal/Pictures/Wallpapers/ai/104780152_p1.png
/home/magneciareal/Pictures/Wallpapers/ai/104780152_p2.png
/home/magneciareal/Pictures/Wallpapers/ai/104874294_p0.png
/home/magneciareal/Downloads/105241190_p0.png
/home/magneciareal/Downloads/104986917_p0.png
/home/magneciareal/Downloads/wallpapers/105183784_p0.png
/home/magneciareal/Downloads/wallpapers/105154303_p7.png
/home/magneciareal/Downloads/wallpapers/105185993_p0.png
/home/magneciareal/Downloads/wallpapers/105033757_p0.png
/home/magneciareal/Downloads/wallpapers/105053838_p0.png
/home/magneciareal/Downloads/105282306_p0.jpg
/home/magneciareal/Downloads/105279036_p0.png
/home/magneciareal/Downloads/105262970_p1.png
/home/magneciareal/Downloads/105262970_p4.png
/home/magneciareal/Downloads/105264478_p4.png
/home/magneciareal/Downloads/105177898_p0.png
/home/magneciareal/Downloads/105258855_p0.png
/home/magneciareal/Downloads/105301107_p0.png
/home/magneciareal/Downloads/105182433_p1.jpg
/home/magneciareal/Downloads/105331152_p1.jpg
/home/magneciareal/Downloads/105331152_p6.jpg
/home/magneciareal/Downloads/105203371_p0.png
/home/magneciareal/Downloads/105281570_p0.png
/home/magneciareal/Downloads/105258467_p0.png
/home/magneciareal/Downloads/105404611_p0.png
/home/magneciareal/Downloads/105404611_p2.png
/home/magneciareal/Downloads/105368042_p3.png
/home/magneciareal/Downloads/105350398_p0.png
/home/magneciareal/Downloads/105214777_p0.png
/home/magneciareal/Downloads/105191526_p0.png
/home/magneciareal/Pictures/Vwallpapers/a4a8ce8e52e27a5798eaf0a0bac2066d.jpg
/home/magneciareal/Pictures/Vwallpapers/babc1170f4ee45f5e7781cbee4895995.jpg
/home/magneciareal/Pictures/Vwallpapers/900da7ed79a1064f273aa6264917337e.jpg
/home/magneciareal/Pictures/Vwallpapers/bd8b70dcc04914e403c0646974f8af0a.jpg
/home/magneciareal/Pictures/Vwallpapers/104450244_p0.png
/home/magneciareal/Pictures/Vwallpapers/104404933_p0.png
/home/magneciareal/Pictures/Vwallpapers/104339107_p0.png
/home/magneciareal/Pictures/Vwallpapers/104254247_p0.png
/home/magneciareal/Pictures/Vwallpapers/104474300_p0.png
/home/magneciareal/Pictures/Vwallpapers/105269592_p0.png
/home/magneciareal/Pictures/Wallpapers/ai/104358051_p20.png
/home/magneciareal/Pictures/Wallpapers/ai/103621853_p12.jpg
/home/magneciareal/Pictures/Wallpapers/ai/103621853_p17.jpg
/home/magneciareal/Pictures/Wallpapers/ai/103668349_p16.jpg
/home/magneciareal/Pictures/Wallpapers/ai/104578825_p0.png
/home/magneciareal/Pictures/Wallpapers/ai/104393904_p0.png
/home/magneciareal/Pictures/Wallpapers/ai/104550857_p2.png
/home/magneciareal/Pictures/Wallpapers/ai/104839664_p1.jpg
/home/magneciareal/Pictures/Wallpapers/ai/096494fa89b3f4138a993c0c9e2f5144.jpg
/home/magneciareal/Pictures/Wallpapers/ai/104664761_p5.jpg
/home/magneciareal/Pictures/Wallpapers/ai/882c90faf9f9d0afad41e92a6217be86.png
/home/magneciareal/Pictures/Wallpapers/ai/104860695_p0.jpg
/home/magneciareal/Pictures/Wallpapers/ai/104860695_p5.jpg
/home/magneciareal/Pictures/Wallpapers/ai/104908753_p0.jpg
/home/magneciareal/Pictures/Wallpapers/ai/104908753_p1.jpg
/home/magneciareal/Pictures/Wallpapers/ai/104762154_p0.png
/home/magneciareal/Pictures/Wallpapers/ai/104813438_p0.png
/home/magneciareal/Pictures/Wallpapers/ai/104782775_p0.png
/home/magneciareal/Pictures/Wallpapers/ai/104806435_p0.png
/home/magneciareal/Pictures/Wallpapers/ai/104782771_p4.png
/home/magneciareal/Pictures/Wallpapers/ai/104779215_p1.png
/home/magneciareal/Pictures/Wallpapers/ai/104357442_p0.png
/home/magneciareal/Pictures/Wallpapers/ai/104724961_p2.png
/home/magneciareal/Pictures/Wallpapers/ai/104724961_p4.png
/home/magneciareal/Pictures/Wallpapers/ai/104724961_p5.png
/home/magneciareal/Pictures/Wallpapers/ai/104724961_p6.png
/home/magneciareal/Pictures/Wallpapers/ai/104725826_p0.png
/home/magneciareal/Pictures/Wallpapers/ai/104725826_p2.png
/home/magneciareal/Pictures/Wallpapers/ai/104725826_p3.png
/home/magneciareal/Pictures/Wallpapers/ai/104725826_p5.png
/home/magneciareal/Pictures/Wallpapers/ai/104725826_p8.png
/home/magneciareal/Pictures/Wallpapers/ai/104602308_p0.png
/home/magneciareal/Pictures/Wallpapers/ai/104786809_p1.jpg
/home/magneciareal/Pictures/Wallpapers/ai/105094438_p1.png
/home/magneciareal/Pictures/Wallpapers/ai/104925799_p4.png
/home/magneciareal/Pictures/Wallpapers/ai/105398915_p1.png
/home/magneciareal/Pictures/Wallpapers/ai/105398915_p0.png
/home/magneciareal/Pictures/Wallpapers/ai/105409583_p1.jpg
/home/magneciareal/Pictures/Wallpapers/ai/105421727_p0.jpg
/home/magneciareal/Pictures/Wallpapers/ai/105191526_p3.png
/home/magneciareal/Downloads/105462012_p0.jpg
/home/magneciareal/Downloads/105665705_p0.png
/home/magneciareal/Pictures/Wallpapers/sexy-stockings-girl-boobs-ass-pussy-fantasy-naked-white-hair.jpg
/home/magneciareal/Pictures/Wallpapers/81785777_p0.jpg
/home/magneciareal/Pictures/Wallpapers/5906d980ab8cc95a19202a2e73a12f98.jpg
/home/magneciareal/Pictures/Wallpapers/640843111f1774ea3295abd79701e2d6.jpg
/home/magneciareal/Pictures/Wallpapers/8a3fbc49b4ba08731bac170a9907ecbe.jpg
/home/magneciareal/Pictures/Wallpapers/dad9eea2e884b681c9a43d442da5c751.png
/home/magneciareal/Pictures/Wallpapers/103823926_p0.png
/home/magneciareal/Pictures/Wallpapers/463cc7f1136d3ebd809925602cbb4cb1.png
/home/magneciareal/Pictures/Wallpapers/c79d22336de6296ce25ac27711b21d10.png
/home/magneciareal/Pictures/Wallpapers/104242471_p0.jpg
/home/magneciareal/Pictures/Wallpapers/5abbb2f8fb2ef70e97c9291701177855.jpg
/home/magneciareal/Pictures/Wallpapers/ebbf89e21ece02725d41a60e0766de43.jpg
/home/magneciareal/Pictures/Wallpapers/104735931_p0-copy.png
/home/magneciareal/Pictures/Wallpapers/fdf1a2da16dfbc174a198c5aec1bca90.jpg
/home/magneciareal/Pictures/Wallpapers/97246723_p0.png
/home/magneciareal/Pictures/Wallpapers/96238032_p0.jpg
/home/magneciareal/Pictures/Wallpapers/91702283_p0.jpg
/home/magneciareal/Pictures/Wallpapers/eb97df778627152712a1484659f283d8.png
/home/magneciareal/Pictures/Wallpapers/b88e76db58113e77c05b1e529d809742.jpg
/home/magneciareal/Pictures/Wallpapers/d09239c03a80fcc3a992dd7d64d052d7.jpg
/home/magneciareal/Pictures/Wallpapers/ai/105297265_p4.png
/home/magneciareal/Pictures/Vwallpapers/4f798d008439aad2db39478396c168c3.png
/home/magneciareal/Pictures/Vwallpapers/5f33f072d2341248a11a193c271b57e2.png
/home/magneciareal/Pictures/Vwallpapers/c421836b15277fde083de00ca9f53c2e.png
/home/magneciareal/Pictures/Vwallpapers/102779850_p0.png
/home/magneciareal/Pictures/Vwallpapers/3ffbe41225e0fdcac6b953e0ba4c481a.png
/home/magneciareal/Pictures/Vwallpapers/b4aaa696c62649261f904283652390d3.jpg
/home/magneciareal/Pictures/Vwallpapers/548bfd4509315004504e503154a46829.jpg
/home/magneciareal/Pictures/Vwallpapers/fad7104d9fec179f567c5ee275b27100.png
/home/magneciareal/Pictures/Vwallpapers/61229906_p0.jpg
/home/magneciareal/Pictures/Wallpapers/101376177_p0.jpg
/home/magneciareal/Pictures/Wallpapers/102806821_p0.jpg
/home/magneciareal/Pictures/Wallpapers/bfc58453e8125ca3cf81da17e2049467.jpg
/home/magneciareal/Pictures/Wallpapers/25473f7e35db979c82ff86ce11016360.jpg
/home/magneciareal/Pictures/Wallpapers/elfs_dall-e2.png
/home/magneciareal/Pictures/Wallpapers/104568144_p1.jpg
/home/magneciareal/Downloads/105505817_p0.png
/home/magneciareal/Downloads/105900006_p0.png
/home/magneciareal/Downloads/105933941_p0.png
/home/magneciareal/Downloads/105933958_p0.png
/home/magneciareal/Downloads/105933974_p0.png
/home/magneciareal/Downloads/105848900_p0.jpg
/home/magneciareal/Downloads/102227130_p0.png
/home/magneciareal/Downloads/105204603_p0.png
/home/magneciareal/Downloads/105658404_p0.png
/home/magneciareal/Downloads/106258428_p0.png
/home/magneciareal/Downloads/106254968_p0.png
/home/magneciareal/Downloads/106128583_p0.png
/home/magneciareal/Downloads/105551709_p0.png
/home/magneciareal/Downloads/106362572_p0.png
/home/magneciareal/Downloads/106092725_p0.png
/home/magneciareal/Downloads/106392328_p0.jpg
/home/magneciareal/Downloads/106434376_p0.png
/home/magneciareal/Downloads/106434050_p0.png
/home/magneciareal/Downloads/106426069_p0.jpg
/home/magneciareal/Downloads/106465363_p0.jpg
/home/magneciareal/Downloads/106350891_p0.png
/home/magneciareal/Downloads/106423823_p0.jpg
/home/magneciareal/Pictures/Vwallpapers/105384981_p0.png
/home/magneciareal/Downloads/106516199_p0.png
/home/magneciareal/Downloads/103690419_p0.jpg
